#
# There is insufficient memory for the Java Runtime Environment to continue.
# Native memory allocation (mmap) failed to map 16777216 bytes for G1 virtual space
# Possible reasons:
#   The system is out of physical RAM or swap space
#   The process is running with CompressedOops enabled, and the Java Heap may be blocking the growth of the native heap
# Possible solutions:
#   Reduce memory load on the system
#   Increase physical memory or swap space
#   Check if swap backing store is full
#   Decrease Java heap size (-Xmx/-Xms)
#   Decrease number of Java threads
#   Decrease Java thread stack sizes (-Xss)
#   Set larger code cache with -XX:ReservedCodeCacheSize=
#   JVM is running with Unscaled Compressed Oops mode in which the Java heap is
#     placed in the first 4GB address space. The Java Heap base address is the
#     maximum limit for the native heap growth. Please use -XX:HeapBaseMinAddress
#     to set the Java Heap base and to place the Java Heap above 4GB virtual address.
# This output file may be truncated or incomplete.
#
#  Out of Memory Error (./open/src/hotspot/os/windows/os_windows.cpp:3321), pid=2668, tid=912
#
# JRE version:  (15.0.2+7) (build )
# Java VM: OpenJDK 64-Bit Server VM (15.0.2+7-27, mixed mode, sharing, tiered, compressed oops, g1 gc, windows-amd64)
# No core dump will be written. Minidumps are not enabled by default on client versions of Windows
#

---------------  S U M M A R Y ------------

Command Line: -Dfile.encoding=Cp1252 -XX:+ShowCodeDetailsInExceptionMessages -Xms1024m -Xmx1024m com.xworkz.library.LibraryTester

Host: Intel(R) Pentium(R) Dual  CPU  T2330  @ 1.60GHz, 2 cores, 2G,  Windows 7 , 64 bit Build 7601 (6.1.7601.17514)
Time: Fri Jul 22 17:25:27 2022 India Standard Time elapsed time: 0.142232 seconds (0d 0h 0m 0s)

---------------  T H R E A D  ---------------

Current thread (0x00000000001469c0):  JavaThread "Unknown thread" [_thread_in_vm, id=912, stack(0x0000000002160000,0x0000000002260000)]

Stack: [0x0000000002160000,0x0000000002260000]
Native frames: (J=compiled Java code, j=interpreted, Vv=VM code, C=native code)
V  [jvm.dll+0x62ae9a]
V  [jvm.dll+0x7817a9]
V  [jvm.dll+0x782f03]
V  [jvm.dll+0x783563]
V  [jvm.dll+0x216325]
V  [jvm.dll+0x6281d9]
V  [jvm.dll+0x61cf55]
V  [jvm.dll+0x2cffdd]
V  [jvm.dll+0x2cfe42]
V  [jvm.dll+0x2d5e1c]
V  [jvm.dll+0x32591d]
V  [jvm.dll+0x324fd4]
V  [jvm.dll+0x2a6f5a]
V  [jvm.dll+0x2a80f8]
V  [jvm.dll+0x75e241]
V  [jvm.dll+0x3341c4]
V  [jvm.dll+0x73e926]
V  [jvm.dll+0x3b7557]
V  [jvm.dll+0x3b8fe1]
C  [jli.dll+0x52fb]
C  [ucrtbase.DLL+0x1d912]
C  [kernel32.dll+0x1652d]
C  [ntdll.dll+0x2c521]


---------------  P R O C E S S  ---------------

Threads class SMR info:
_java_thread_list=0x000007feefc24ff0, length=0, elements={
}

Java Threads: ( => current thread )

Other Threads:
  0x0000000000172ed0 GCTaskThread "GC Thread#0" [stack: 0x0000000017ae0000,0x0000000017be0000] [id=2300]
  0x000000000017bbb0 ConcurrentGCThread "G1 Main Marker" [stack: 0x0000000017d10000,0x0000000017e10000] [id=2952]
  0x000000000017f170 ConcurrentGCThread "G1 Conc#0" [stack: 0x0000000017c10000,0x0000000017d10000] [id=796]

[error occurred during error reporting (printing all threads), id 0xc0000005, EXCEPTION_ACCESS_VIOLATION (0xc0000005) at pc=0x000007feef417e27]

VM state: not at safepoint (not fully initialized)

VM Mutex/Monitor currently owned by a thread:  ([mutex/lock_event])
[0x0000000000140a50] Heap_lock - owner thread: 0x00000000001469c0

Heap address: 0x00000000c0000000, size: 1024 MB, Compressed Oops mode: 32-bit
CDS archive(s) mapped at: [0x0000000000000000-0x0000000000000000-0x0000000000000000), size 0, SharedBaseAddress: 0x0000000800000000, ArchiveRelocationMode: 0.
Narrow klass base: 0x0000000000000000, Narrow klass shift: 0, Narrow klass range: 0x0

Heap:
 garbage-first heap   total 1048576K, used 0K [0x00000000c0000000, 0x0000000100000000)
  region size 1024K, 0 young (0K), 0 survivors (0K)
 Metaspace       used 0K, capacity 0K, committed 0K, reserved 0K
  class space    used 0K, capacity 0K, committed 0K, reserved 0K

Heap Regions: E=young(eden), S=young(survivor), O=old, HS=humongous(starts), HC=humongous(continues), CS=collection set, F=free, OA=open archive, CA=closed archive, TAMS=top-at-mark-start (previous, next)

Card table byte_map: [0x00000000155c0000,0x00000000157c0000] _byte_map_base: 0x0000000014fc0000

Marking Bits (Prev, Next): (CMBitMap*) 0x0000000000173390, (CMBitMap*) 0x00000000001733d0
 Prev Bits: [0x00000000159c0000, 0x00000000169c0000)
 Next Bits: [0x00000000169c0000, 0x00000000179c0000)

GC Heap History (0 events):
No events

Deoptimization events (0 events):
No events

Classes unloaded (0 events):
No events

Classes redefined (0 events):
No events

Internal exceptions (0 events):
No events

Events (1 events):
Event: 0.019 Loaded shared library C:\Users\admin\Downloads\eclipse\plugins\org.eclipse.justj.openjdk.hotspot.jre.full.win32.x86_64_15.0.2.v20210201-0955\jre\bin\java.dll


Dynamic libraries:
0x000000013f5c0000 - 0x000000013f5cd000 	C:\Users\admin\Downloads\eclipse\plugins\org.eclipse.justj.openjdk.hotspot.jre.full.win32.x86_64_15.0.2.v20210201-0955\jre\bin\javaw.exe
0x00000000774e0000 - 0x0000000077689000 	C:\Windows\SYSTEM32\ntdll.dll
0x00000000772c0000 - 0x00000000773df000 	C:\Windows\system32\kernel32.dll
0x000007fefd750000 - 0x000007fefd7bb000 	C:\Windows\system32\KERNELBASE.dll
0x000007fef9550000 - 0x000007fef9568000 	C:\Users\admin\Downloads\eclipse\plugins\org.eclipse.justj.openjdk.hotspot.jre.full.win32.x86_64_15.0.2.v20210201-0955\jre\bin\jli.dll
0x000007fefbed0000 - 0x000007fefc0c4000 	C:\Windows\WinSxS\amd64_microsoft.windows.common-controls_6595b64144ccf1df_6.0.7601.17514_none_fa396087175ac9ac\COMCTL32.dll
0x000007fefd980000 - 0x000007fefda1f000 	C:\Windows\system32\msvcrt.dll
0x000007fefda40000 - 0x000007fefdaa7000 	C:\Windows\system32\GDI32.dll
0x00000000773e0000 - 0x00000000774da000 	C:\Windows\system32\USER32.dll
0x000007fefdb50000 - 0x000007fefdb5e000 	C:\Windows\system32\LPK.dll
0x000007feff520000 - 0x000007feff5e9000 	C:\Windows\system32\USP10.dll
0x000007feff150000 - 0x000007feff1c1000 	C:\Windows\system32\SHLWAPI.dll
0x000007feef130000 - 0x000007feef149000 	C:\Users\admin\Downloads\eclipse\plugins\org.eclipse.justj.openjdk.hotspot.jre.full.win32.x86_64_15.0.2.v20210201-0955\jre\bin\VCRUNTIME140.dll
0x000007fef9a30000 - 0x000007fef9a34000 	C:\Users\admin\Downloads\eclipse\plugins\org.eclipse.justj.openjdk.hotspot.jre.full.win32.x86_64_15.0.2.v20210201-0955\jre\bin\api-ms-win-crt-runtime-l1-1-0.dll
0x000007fef61a0000 - 0x000007fef629a000 	C:\Users\admin\Downloads\eclipse\plugins\org.eclipse.justj.openjdk.hotspot.jre.full.win32.x86_64_15.0.2.v20210201-0955\jre\bin\ucrtbase.DLL
0x000007fef9540000 - 0x000007fef9543000 	C:\Users\admin\Downloads\eclipse\plugins\org.eclipse.justj.openjdk.hotspot.jre.full.win32.x86_64_15.0.2.v20210201-0955\jre\bin\api-ms-win-core-localization-l1-2-0.dll
0x000007fef9050000 - 0x000007fef9053000 	C:\Users\admin\Downloads\eclipse\plugins\org.eclipse.justj.openjdk.hotspot.jre.full.win32.x86_64_15.0.2.v20210201-0955\jre\bin\api-ms-win-core-processthreads-l1-1-1.dll
0x000007fef8690000 - 0x000007fef8693000 	C:\Users\admin\Downloads\eclipse\plugins\org.eclipse.justj.openjdk.hotspot.jre.full.win32.x86_64_15.0.2.v20210201-0955\jre\bin\api-ms-win-core-file-l1-2-0.dll
0x000007fef8680000 - 0x000007fef8683000 	C:\Users\admin\Downloads\eclipse\plugins\org.eclipse.justj.openjdk.hotspot.jre.full.win32.x86_64_15.0.2.v20210201-0955\jre\bin\api-ms-win-core-timezone-l1-1-0.dll
0x000007fef8670000 - 0x000007fef8673000 	C:\Users\admin\Downloads\eclipse\plugins\org.eclipse.justj.openjdk.hotspot.jre.full.win32.x86_64_15.0.2.v20210201-0955\jre\bin\api-ms-win-core-file-l2-1-0.dll
0x000007fef8660000 - 0x000007fef8663000 	C:\Users\admin\Downloads\eclipse\plugins\org.eclipse.justj.openjdk.hotspot.jre.full.win32.x86_64_15.0.2.v20210201-0955\jre\bin\api-ms-win-core-synch-l1-2-0.dll
0x000007fef79a0000 - 0x000007fef79a3000 	C:\Users\admin\Downloads\eclipse\plugins\org.eclipse.justj.openjdk.hotspot.jre.full.win32.x86_64_15.0.2.v20210201-0955\jre\bin\api-ms-win-crt-heap-l1-1-0.dll
0x000007fef70d0000 - 0x000007fef70d4000 	C:\Users\admin\Downloads\eclipse\plugins\org.eclipse.justj.openjdk.hotspot.jre.full.win32.x86_64_15.0.2.v20210201-0955\jre\bin\api-ms-win-crt-string-l1-1-0.dll
0x000007fef6a40000 - 0x000007fef6a44000 	C:\Users\admin\Downloads\eclipse\plugins\org.eclipse.justj.openjdk.hotspot.jre.full.win32.x86_64_15.0.2.v20210201-0955\jre\bin\api-ms-win-crt-stdio-l1-1-0.dll
0x000007fef6a30000 - 0x000007fef6a34000 	C:\Users\admin\Downloads\eclipse\plugins\org.eclipse.justj.openjdk.hotspot.jre.full.win32.x86_64_15.0.2.v20210201-0955\jre\bin\api-ms-win-crt-convert-l1-1-0.dll
0x000007fef6a20000 - 0x000007fef6a23000 	C:\Users\admin\Downloads\eclipse\plugins\org.eclipse.justj.openjdk.hotspot.jre.full.win32.x86_64_15.0.2.v20210201-0955\jre\bin\api-ms-win-crt-environment-l1-1-0.dll
0x000007fef6a10000 - 0x000007fef6a13000 	C:\Users\admin\Downloads\eclipse\plugins\org.eclipse.justj.openjdk.hotspot.jre.full.win32.x86_64_15.0.2.v20210201-0955\jre\bin\api-ms-win-crt-filesystem-l1-1-0.dll
0x000007fef6540000 - 0x000007fef6545000 	C:\Users\admin\Downloads\eclipse\plugins\org.eclipse.justj.openjdk.hotspot.jre.full.win32.x86_64_15.0.2.v20210201-0955\jre\bin\api-ms-win-crt-math-l1-1-0.dll
0x000007fef6530000 - 0x000007fef6533000 	C:\Users\admin\Downloads\eclipse\plugins\org.eclipse.justj.openjdk.hotspot.jre.full.win32.x86_64_15.0.2.v20210201-0955\jre\bin\api-ms-win-crt-locale-l1-1-0.dll
0x000007feff4f0000 - 0x000007feff51e000 	C:\Windows\system32\IMM32.DLL
0x000007feff1d0000 - 0x000007feff2d9000 	C:\Windows\system32\MSCTF.dll
0x000007feeef70000 - 0x000007feeef7c000 	C:\Users\admin\Downloads\eclipse\plugins\org.eclipse.justj.openjdk.hotspot.jre.full.win32.x86_64_15.0.2.v20210201-0955\jre\bin\vcruntime140_1.dll
0x000007fef3be0000 - 0x000007fef3c71000 	C:\Users\admin\Downloads\eclipse\plugins\org.eclipse.justj.openjdk.hotspot.jre.full.win32.x86_64_15.0.2.v20210201-0955\jre\bin\msvcp140.dll
0x000007fef6390000 - 0x000007fef6393000 	C:\Users\admin\Downloads\eclipse\plugins\org.eclipse.justj.openjdk.hotspot.jre.full.win32.x86_64_15.0.2.v20210201-0955\jre\bin\api-ms-win-crt-time-l1-1-0.dll
0x000007fef6380000 - 0x000007fef6383000 	C:\Users\admin\Downloads\eclipse\plugins\org.eclipse.justj.openjdk.hotspot.jre.full.win32.x86_64_15.0.2.v20210201-0955\jre\bin\api-ms-win-crt-utility-l1-1-0.dll
0x000007feef160000 - 0x000007feefcbe000 	C:\Users\admin\Downloads\eclipse\plugins\org.eclipse.justj.openjdk.hotspot.jre.full.win32.x86_64_15.0.2.v20210201-0955\jre\bin\server\jvm.dll
0x000007fefdf40000 - 0x000007fefe01b000 	C:\Windows\system32\ADVAPI32.dll
0x000007fefda20000 - 0x000007fefda3f000 	C:\Windows\SYSTEM32\sechost.dll
0x000007fefdb60000 - 0x000007fefdc8d000 	C:\Windows\system32\RPCRT4.dll
0x000007feef150000 - 0x000007feef159000 	C:\Windows\system32\WSOCK32.dll
0x000007fefdef0000 - 0x000007fefdf3d000 	C:\Windows\system32\WS2_32.dll
0x000007fefe150000 - 0x000007fefe158000 	C:\Windows\system32\NSI.dll
0x000007fef3790000 - 0x000007fef37cb000 	C:\Windows\system32\WINMM.dll
0x000007fefc590000 - 0x000007fefc59c000 	C:\Windows\system32\VERSION.dll
0x00000000776a0000 - 0x00000000776a7000 	C:\Windows\system32\PSAPI.DLL
0x000007feeef10000 - 0x000007feeef1a000 	C:\Users\admin\Downloads\eclipse\plugins\org.eclipse.justj.openjdk.hotspot.jre.full.win32.x86_64_15.0.2.v20210201-0955\jre\bin\jimage.dll
0x000007fef4d00000 - 0x000007fef4e25000 	C:\Windows\system32\DBGHELP.DLL
0x000007feeebf0000 - 0x000007feeec15000 	C:\Users\admin\Downloads\eclipse\plugins\org.eclipse.justj.openjdk.hotspot.jre.full.win32.x86_64_15.0.2.v20210201-0955\jre\bin\java.dll

dbghelp: loaded successfully - version: 4.0.5 - missing functions: none
symbol engine: initialized successfully - sym options: 0x614 - pdb path: .;C:\Users\admin\Downloads\eclipse\plugins\org.eclipse.justj.openjdk.hotspot.jre.full.win32.x86_64_15.0.2.v20210201-0955\jre\bin;C:\Windows\SYSTEM32;C:\Windows\WinSxS\amd64_microsoft.windows.common-controls_6595b64144ccf1df_6.0.7601.17514_none_fa396087175ac9ac;C:\Users\admin\Downloads\eclipse\plugins\org.eclipse.justj.openjdk.hotspot.jre.full.win32.x86_64_15.0.2.v20210201-0955\jre\bin\server

VM Arguments:
jvm_args: -Dfile.encoding=Cp1252 -XX:+ShowCodeDetailsInExceptionMessages -Xms1024m -Xmx1024m 
java_command: com.xworkz.library.LibraryTester
java_class_path (initial): C:\Users\admin\eclipse-workspace\library-management-system\bin
Launcher Type: SUN_STANDARD

[Global flags]
     intx CICompilerCount                          = 2                                         {product} {ergonomic}
     uint ConcGCThreads                            = 1                                         {product} {ergonomic}
     uint G1ConcRefinementThreads                  = 2                                         {product} {ergonomic}
   size_t G1HeapRegionSize                         = 1048576                                   {product} {ergonomic}
    uintx GCDrainStackTargetSize                   = 64                                        {product} {ergonomic}
   size_t InitialHeapSize                          = 1073741824                                {product} {command line}
   size_t MarkStackSize                            = 4194304                                   {product} {ergonomic}
   size_t MaxHeapSize                              = 1073741824                                {product} {command line}
   size_t MinHeapDeltaBytes                        = 1048576                                   {product} {ergonomic}
   size_t MinHeapSize                              = 1073741824                                {product} {command line}
    uintx NonNMethodCodeHeapSize                   = 5826188                                {pd product} {ergonomic}
    uintx NonProfiledCodeHeapSize                  = 122916026                              {pd product} {ergonomic}
    uintx ProfiledCodeHeapSize                     = 122916026                              {pd product} {ergonomic}
    uintx ReservedCodeCacheSize                    = 251658240                              {pd product} {ergonomic}
     bool SegmentedCodeCache                       = true                                      {product} {ergonomic}
     bool ShowCodeDetailsInExceptionMessages       = true                                   {manageable} {command line}
   size_t SoftMaxHeapSize                          = 1073741824                             {manageable} {ergonomic}
     bool UseCompressedClassPointers               = true                                 {lp64_product} {ergonomic}
     bool UseCompressedOops                        = true                                 {lp64_product} {ergonomic}
     bool UseG1GC                                  = true                                      {product} {ergonomic}
     bool UseLargePagesIndividualAllocation        = false                                  {pd product} {ergonomic}

Logging:
Log output configuration:
 #0: stdout all=warning uptime,level,tags
 #1: stderr all=off uptime,level,tags

Environment Variables:
_JAVA_OPTIONS=-Xms1024m -Xmx1024m
PATH=C:/Users/admin/Downloads/eclipse//plugins/org.eclipse.justj.openjdk.hotspot.jre.full.win32.x86_64_15.0.2.v20210201-0955/jre/bin/server;C:/Users/admin/Downloads/eclipse//plugins/org.eclipse.justj.openjdk.hotspot.jre.full.win32.x86_64_15.0.2.v20210201-0955/jre/bin;C:\Program Files (x86)\Common Files\Oracle\Java\javapath;C:\Program Files\Java\jdk1.8.0_261\bin;C:\Program Files\Git\cmd;;C:\Users\admin\AppData\Local\Programs\Microsoft VS Code\bin;C:\Users\admin\Downloads\eclipse;
USERNAME=admin
OS=Windows_NT
PROCESSOR_IDENTIFIER=Intel64 Family 6 Model 15 Stepping 13, GenuineIntel



---------------  S Y S T E M  ---------------

OS:
 Windows 7 , 64 bit Build 7601 (6.1.7601.17514)
OS uptime: 0 days 1:59 hours

CPU: total 2 (initial active 2) (2 cores per cpu, 1 threads per core) family 6 model 15 stepping 13 microcode 0x0, cmov, cx8, fxsr, mmx, sse, sse2, sse3, ssse3, tsc, clflush

Memory: 4k page, system-wide physical 2550M (728M free)
TotalPageFile size 6554M (AvailPageFile size 849M)
current process WorkingSet (physical memory assigned to process): 11M, peak: 11M
current process commit charge ("private bytes"): 1076M, peak: 1090M

vm_info: OpenJDK 64-Bit Server VM (15.0.2+7-27) for windows-amd64 JRE (15.0.2+7-27), built on Dec  7 2020 20:02:38 by "mach5one" with unknown MS VC++:1925

END.
